<?xml version="1.0" encoding="UTF-8"?>
<!-- Generated by org.testng.reporters.JUnitXMLReporter -->
<testsuite ignored="1" hostname="KELLGGNLPTP042" failures="0" tests="5" name="Default test" time="262.809" errors="0" timestamp="16 Nov 2019 09:14:22 GMT">
  <testcase classname="com.qa.loginpageTest.ContactTest" name="Fillform" time="3.396"/>
  <testcase classname="com.qa.loginpageTest.ContactTest" name="Fillform" time="2.941"/>
  <testcase classname="com.qa.loginpageTest.ContactTest" name="Fillform" time="2.451"/>
  <testcase classname="com.qa.loginpageTest.ContactTest" name="Fillform" time="2.961"/>
  <testcase classname="com.qa.loginpageTest.ContactTest" name="Fillform" time="3.034"/>
  <testcase classname="com.qa.loginpageTest.ContactTest" name="verifycontactpageTitle" time="0.0">
    <ignored/>
  </testcase> <!-- verifycontactpageTitle -->
</testsuite> <!-- Default test -->
