<?xml version="1.0" encoding="UTF-8"?>
<testng-results ignored="1" total="6" passed="5" failed="0" skipped="0">
  <reporter-output>
  </reporter-output>
  <suite started-at="2019-11-16T09:09:59Z" name="Default suite" finished-at="2019-11-16T09:14:22Z" duration-ms="262809">
    <groups>
    </groups>
    <test started-at="2019-11-16T09:09:59Z" name="Default test" finished-at="2019-11-16T09:14:22Z" duration-ms="262809">
      <class name="com.qa.loginpageTest.ContactTest">
        <test-method is-config="true" signature="setup()[pri:0, instance:com.qa.loginpageTest.ContactTest@7ea37dbf]" started-at="2019-11-16T09:10:00Z" name="setup" finished-at="2019-11-16T09:10:47Z" duration-ms="47023" status="PASS">
          <reporter-output>
          </reporter-output>
        </test-method> <!-- setup -->
        <test-method signature="Fillform(java.lang.String, java.lang.String, java.lang.String, java.lang.String)[pri:2, instance:com.qa.loginpageTest.ContactTest@7ea37dbf]" started-at="2019-11-16T09:10:47Z" name="Fillform" data-provider="getdatafromexcel" finished-at="2019-11-16T09:10:51Z" duration-ms="3396" status="PASS">
          <params>
            <param index="0">
              <value>
                <![CDATA[babri@gmail.coma]]>
              </value>
            </param>
            <param index="1">
              <value>
                <![CDATA[Babari]]>
              </value>
            </param>
            <param index="2">
              <value>
                <![CDATA[KK]]>
              </value>
            </param>
            <param index="3">
              <value>
                <![CDATA[QA]]>
              </value>
            </param>
          </params>
          <reporter-output>
          </reporter-output>
        </test-method> <!-- Fillform -->
        <test-method is-config="true" signature="teardown()[pri:0, instance:com.qa.loginpageTest.ContactTest@7ea37dbf]" started-at="2019-11-16T09:10:51Z" name="teardown" finished-at="2019-11-16T09:10:52Z" duration-ms="1142" status="PASS">
          <reporter-output>
          </reporter-output>
        </test-method> <!-- teardown -->
        <test-method is-config="true" signature="setup()[pri:0, instance:com.qa.loginpageTest.ContactTest@7ea37dbf]" started-at="2019-11-16T09:10:52Z" name="setup" finished-at="2019-11-16T09:11:30Z" duration-ms="38405" status="PASS">
          <reporter-output>
          </reporter-output>
        </test-method> <!-- setup -->
        <test-method signature="Fillform(java.lang.String, java.lang.String, java.lang.String, java.lang.String)[pri:2, instance:com.qa.loginpageTest.ContactTest@7ea37dbf]" started-at="2019-11-16T09:11:30Z" name="Fillform" data-provider="getdatafromexcel" finished-at="2019-11-16T09:11:33Z" duration-ms="2941" status="PASS">
          <params>
            <param index="0">
              <value>
                <![CDATA[mohaman@gmail.coma]]>
              </value>
            </param>
            <param index="1">
              <value>
                <![CDATA[mohanaa]]>
              </value>
            </param>
            <param index="2">
              <value>
                <![CDATA[KK]]>
              </value>
            </param>
            <param index="3">
              <value>
                <![CDATA[dev]]>
              </value>
            </param>
          </params>
          <reporter-output>
          </reporter-output>
        </test-method> <!-- Fillform -->
        <test-method is-config="true" signature="teardown()[pri:0, instance:com.qa.loginpageTest.ContactTest@7ea37dbf]" started-at="2019-11-16T09:11:33Z" name="teardown" finished-at="2019-11-16T09:11:34Z" duration-ms="1109" status="PASS">
          <reporter-output>
          </reporter-output>
        </test-method> <!-- teardown -->
        <test-method is-config="true" signature="setup()[pri:0, instance:com.qa.loginpageTest.ContactTest@7ea37dbf]" started-at="2019-11-16T09:11:34Z" name="setup" finished-at="2019-11-16T09:12:23Z" duration-ms="48478" status="PASS">
          <reporter-output>
          </reporter-output>
        </test-method> <!-- setup -->
        <test-method signature="Fillform(java.lang.String, java.lang.String, java.lang.String, java.lang.String)[pri:2, instance:com.qa.loginpageTest.ContactTest@7ea37dbf]" started-at="2019-11-16T09:12:23Z" name="Fillform" data-provider="getdatafromexcel" finished-at="2019-11-16T09:12:25Z" duration-ms="2451" status="PASS">
          <params>
            <param index="0">
              <value>
                <![CDATA[shayama@gmail.coma]]>
              </value>
            </param>
            <param index="1">
              <value>
                <![CDATA[shayamaa]]>
              </value>
            </param>
            <param index="2">
              <value>
                <![CDATA[KK]]>
              </value>
            </param>
            <param index="3">
              <value>
                <![CDATA[admin]]>
              </value>
            </param>
          </params>
          <reporter-output>
          </reporter-output>
        </test-method> <!-- Fillform -->
        <test-method is-config="true" signature="teardown()[pri:0, instance:com.qa.loginpageTest.ContactTest@7ea37dbf]" started-at="2019-11-16T09:12:25Z" name="teardown" finished-at="2019-11-16T09:12:26Z" duration-ms="1139" status="PASS">
          <reporter-output>
          </reporter-output>
        </test-method> <!-- teardown -->
        <test-method is-config="true" signature="setup()[pri:0, instance:com.qa.loginpageTest.ContactTest@7ea37dbf]" started-at="2019-11-16T09:12:26Z" name="setup" finished-at="2019-11-16T09:13:20Z" duration-ms="53846" status="PASS">
          <reporter-output>
          </reporter-output>
        </test-method> <!-- setup -->
        <test-method signature="Fillform(java.lang.String, java.lang.String, java.lang.String, java.lang.String)[pri:2, instance:com.qa.loginpageTest.ContactTest@7ea37dbf]" started-at="2019-11-16T09:13:20Z" name="Fillform" data-provider="getdatafromexcel" finished-at="2019-11-16T09:13:23Z" duration-ms="2961" status="PASS">
          <params>
            <param index="0">
              <value>
                <![CDATA[reetagiri@gmail.coma]]>
              </value>
            </param>
            <param index="1">
              <value>
                <![CDATA[reetaaa]]>
              </value>
            </param>
            <param index="2">
              <value>
                <![CDATA[KK]]>
              </value>
            </param>
            <param index="3">
              <value>
                <![CDATA[iot]]>
              </value>
            </param>
          </params>
          <reporter-output>
          </reporter-output>
        </test-method> <!-- Fillform -->
        <test-method is-config="true" signature="teardown()[pri:0, instance:com.qa.loginpageTest.ContactTest@7ea37dbf]" started-at="2019-11-16T09:13:23Z" name="teardown" finished-at="2019-11-16T09:13:24Z" duration-ms="1131" status="PASS">
          <reporter-output>
          </reporter-output>
        </test-method> <!-- teardown -->
        <test-method is-config="true" signature="setup()[pri:0, instance:com.qa.loginpageTest.ContactTest@7ea37dbf]" started-at="2019-11-16T09:13:24Z" name="setup" finished-at="2019-11-16T09:14:18Z" duration-ms="53562" status="PASS">
          <reporter-output>
          </reporter-output>
        </test-method> <!-- setup -->
        <test-method signature="Fillform(java.lang.String, java.lang.String, java.lang.String, java.lang.String)[pri:2, instance:com.qa.loginpageTest.ContactTest@7ea37dbf]" started-at="2019-11-16T09:14:18Z" name="Fillform" data-provider="getdatafromexcel" finished-at="2019-11-16T09:14:21Z" duration-ms="3034" status="PASS">
          <params>
            <param index="0">
              <value>
                <![CDATA[mirachopra@gmail.coma]]>
              </value>
            </param>
            <param index="1">
              <value>
                <![CDATA[miraaa]]>
              </value>
            </param>
            <param index="2">
              <value>
                <![CDATA[KK]]>
              </value>
            </param>
            <param index="3">
              <value>
                <![CDATA[AI]]>
              </value>
            </param>
          </params>
          <reporter-output>
          </reporter-output>
        </test-method> <!-- Fillform -->
        <test-method is-config="true" signature="teardown()[pri:0, instance:com.qa.loginpageTest.ContactTest@7ea37dbf]" started-at="2019-11-16T09:14:21Z" name="teardown" finished-at="2019-11-16T09:14:22Z" duration-ms="1107" status="PASS">
          <reporter-output>
          </reporter-output>
        </test-method> <!-- teardown -->
      </class> <!-- com.qa.loginpageTest.ContactTest -->
    </test> <!-- Default test -->
  </suite> <!-- Default suite -->
</testng-results>
